

HI-TECH Software PIC LITE Macro Assembler V9.80 build 6738 
                                                                                               Fri Oct 19 17:51:34 2018

HI-TECH Software Omniscient Code Generator (Lite mode) build 6738
     1  0000                     opt subtitle "HI-TECH Software Omniscient Code Generator (Lite mode) build 6738"
     2                           
     3                           opt pagewidth 120
     4                           
     5                           	opt lm
     6                           
     7                           	processor	16F877A
     8                           clrc	macro
     9                           	bcf	3,0
    10  0000                     	endm
    11                           clrz	macro
    12                           	bcf	3,2
    13  0000                     	endm
    14                           setc	macro
    15                           	bsf	3,0
    16  0000                     	endm
    17                           setz	macro
    18                           	bsf	3,2
    19  0000                     	endm
    20                           skipc	macro
    21                           	btfss	3,0
    22  0000                     	endm
    23                           skipz	macro
    24                           	btfss	3,2
    25  0000                     	endm
    26                           skipnc	macro
    27                           	btfsc	3,0
    28  0000                     	endm
    29                           skipnz	macro
    30                           	btfsc	3,2
    31  0000                     	endm
    32  0000                     indf	equ	0
    33  0000                     indf0	equ	0
    34  0002                     pc	equ	2
    35  0002                     pcl	equ	2
    36  0003                     status	equ	3
    37  0004                     fsr	equ	4
    38  0004                     fsr0	equ	4
    39  0001                     c	equ	1
    40  0000                     z	equ	0
    41  000A                     pclath	equ	10
    42                           # 3 "C:\Users\Siva\Documents\PIC16F877A\1 LED\blink.c"
    43                           	psect config,class=CONFIG,delta=2 ;#
    44                           # 3 "C:\Users\Siva\Documents\PIC16F877A\1 LED\blink.c"
    45  2007  3F3A               	dw 0X3F3A ;#
    46                           	FNROOT	_main
    47                           	global	_PORTA
    48                           psect	maintext,global,class=CODE,delta=2
    49                           global __pmaintext
    50  07D6                     __pmaintext:
    51  0005                     _PORTA	set	5
    52                           	global	_ADCON1
    53  009F                     _ADCON1	set	159
    54                           	global	_TRISA
    55  0085                     _TRISA	set	133
    56                           	file	"Blink.as"
    57                           	line	#
    58                           psect cinit,class=CODE,delta=2
    59                           global start_initialization
    60  07D2                     start_initialization:
    61                           
    62                           psect cinit,class=CODE,delta=2
    63                           global end_of_initialization
    64                           
    65                           ;End of C runtime variable initialization code
    66                           
    67  07D2                     end_of_initialization:
    68  07D2  0183               clrf status
    69  07D3  120A  118A  2FD6   ljmp _main	;jump to C main() function
    70                           psect	cstackCOMMON,class=COMMON,space=1
    71                           global __pcstackCOMMON
    72  0070                     __pcstackCOMMON:
    73                           	global	?_main
    74  0070                     ?_main:	; 0 bytes @ 0x0
    75                           	global	??_main
    76  0070                     ??_main:	; 0 bytes @ 0x0
    77  0070                     	ds	3
    78 ;;Data sizes: Strings 0, constant 0, data 0, bss 0, persistent 0 stack 0
    79 ;;Auto spaces:   Size  Autos    Used
    80 ;; COMMON          14      3       3
    81 ;; BANK0           80      0       0
    82 ;; BANK1           80      0       0
    83 ;; BANK3           96      0       0
    84 ;; BANK2           96      0       0
    85                           
    86 ;;
    87 ;; Pointer list with targets:
    88                           
    89                           
    90                           
    91 ;;
    92 ;; Critical Paths under _main in COMMON
    93 ;;
    94 ;;   None.
    95 ;;
    96 ;; Critical Paths under _main in BANK0
    97 ;;
    98 ;;   None.
    99 ;;
   100 ;; Critical Paths under _main in BANK1
   101 ;;
   102 ;;   None.
   103 ;;
   104 ;; Critical Paths under _main in BANK3
   105 ;;
   106 ;;   None.
   107 ;;
   108 ;; Critical Paths under _main in BANK2
   109 ;;
   110 ;;   None.
   111                           
   112 ;;
   113 ;;Main: autosize = 0, tempsize = 3, incstack = 0, save=0
   114 ;;
   115                           
   116 ;;
   117 ;;Call Graph Tables:
   118 ;;
   119 ;; ---------------------------------------------------------------------------------
   120 ;; (Depth) Function   	        Calls       Base Space   Used Autos Params    Refs
   121 ;; ---------------------------------------------------------------------------------
   122 ;; (0) _main                                                 3     3      0       0
   123 ;;                                              0 COMMON     3     3      0
   124 ;; ---------------------------------------------------------------------------------
   125 ;; Estimated maximum stack depth 0
   126 ;; ---------------------------------------------------------------------------------
   127                           
   128 ;; Call Graph Graphs:
   129                           
   130 ;; _main (ROOT)
   131 ;;
   132                           
   133 ;; Address spaces:
   134                           
   135 ;;Name               Size   Autos  Total    Cost      Usage
   136 ;;BITCOMMON            E      0       0       0        0.0%
   137 ;;EEDATA             100      0       0       0        0.0%
   138 ;;NULL                 0      0       0       0        0.0%
   139 ;;CODE                 0      0       0       0        0.0%
   140 ;;COMMON               E      3       3       1       21.4%
   141 ;;BITSFR0              0      0       0       1        0.0%
   142 ;;SFR0                 0      0       0       1        0.0%
   143 ;;BITSFR1              0      0       0       2        0.0%
   144 ;;SFR1                 0      0       0       2        0.0%
   145 ;;STACK                0      0       0       2        0.0%
   146 ;;ABS                  0      0       0       3        0.0%
   147 ;;BITBANK0            50      0       0       4        0.0%
   148 ;;BITSFR3              0      0       0       4        0.0%
   149 ;;SFR3                 0      0       0       4        0.0%
   150 ;;BANK0               50      0       0       5        0.0%
   151 ;;BITSFR2              0      0       0       5        0.0%
   152 ;;SFR2                 0      0       0       5        0.0%
   153 ;;BITBANK1            50      0       0       6        0.0%
   154 ;;BANK1               50      0       0       7        0.0%
   155 ;;BITBANK3            60      0       0       8        0.0%
   156 ;;BANK3               60      0       0       9        0.0%
   157 ;;BITBANK2            60      0       0      10        0.0%
   158 ;;BANK2               60      0       0      11        0.0%
   159 ;;DATA                 0      0       0      12        0.0%
   160                           
   161                           	global	_main
   162                           psect	maintext
   163                           
   164 ;; *************** function _main *****************
   165 ;; Defined at:
   166 ;;		line 7 in file "C:\Users\Siva\Documents\PIC16F877A\1 LED\blink.c"
   167 ;; Parameters:    Size  Location     Type
   168 ;;		None
   169 ;; Auto vars:     Size  Location     Type
   170 ;;		None
   171 ;; Return value:  Size  Location     Type
   172 ;;		None               void
   173 ;; Registers used:
   174 ;;		wreg, status,2
   175 ;; Tracked objects:
   176 ;;		On entry : 17F/0
   177 ;;		On exit  : 0/0
   178 ;;		Unchanged: 0/0
   179 ;; Data sizes:     COMMON   BANK0   BANK1   BANK3   BANK2
   180 ;;      Params:         0       0       0       0       0
   181 ;;      Locals:         0       0       0       0       0
   182 ;;      Temps:          3       0       0       0       0
   183 ;;      Totals:         3       0       0       0       0
   184 ;;Total ram usage:        3 bytes
   185 ;; This function calls:
   186 ;;		Nothing
   187 ;; This function is called by:
   188 ;;		Startup code after reset
   189 ;; This function uses a non-reentrant model
   190 ;;
   191                           psect	maintext
   192                           	file	"C:\Users\Siva\Documents\PIC16F877A\1 LED\blink.c"
   193                           	line	7
   194                           	global	__size_of_main
   195  002A                     	__size_of_main	equ	__end_of_main-_main
   196                           	
   197  07D6                     _main:	
   198                           	opt	stack 8
   199                           ; Regs used in _main: [wreg+status,2]
   200                           	line	8
   201                           	
   202  07D6                     l1719:	
   203                           ;blink.c: 8: TRISA=0X00;
   204  07D6  1683               	bsf	status, 5	;RP0=1, select bank1
   205  07D7  1303               	bcf	status, 6	;RP1=0, select bank1
   206  07D8  0185               	clrf	(133)^080h	;volatile
   207                           	line	9
   208                           	
   209  07D9                     l1721:	
   210                           ;blink.c: 9: ADCON1=0X06;
   211  07D9  3006               	movlw	(06h)
   212  07DA  009F               	movwf	(159)^080h	;volatile
   213  07DB  2FDC               	goto	l1723
   214                           	line	11
   215                           ;blink.c: 11: while(1)
   216                           	
   217  07DC                     l561:	
   218                           	line	13
   219                           	
   220  07DC                     l1723:	
   221                           ;blink.c: 12: {
   222                           ;blink.c: 13: PORTA=0X01;
   223  07DC  3001               	movlw	(01h)
   224  07DD  1283               	bcf	status, 5	;RP0=0, select bank0
   225  07DE  1303               	bcf	status, 6	;RP1=0, select bank0
   226  07DF  0085               	movwf	(5)	;volatile
   227                           	line	14
   228                           	
   229  07E0                     l1725:	
   230                           ;blink.c: 14: _delay((unsigned long)((100)*(20000000/4000.0)));
   231                           	opt asmopt_off
   232  07E0  3003               movlw  3
   233  07E1  00F2               movwf	((??_main+0)+0+2),f
   234  07E2  3088               movlw	136
   235  07E3  00F1               movwf	((??_main+0)+0+1),f
   236  07E4  3056               	movlw	86
   237  07E5  00F0               movwf	((??_main+0)+0),f
   238  07E6                     u2147:
   239  07E6  0BF0               	decfsz	((??_main+0)+0),f
   240  07E7  2FE6               	goto	u2147
   241  07E8  0BF1               	decfsz	((??_main+0)+0+1),f
   242  07E9  2FE6               	goto	u2147
   243  07EA  0BF2               	decfsz	((??_main+0)+0+2),f
   244  07EB  2FE6               	goto	u2147
   245                           opt asmopt_on
   246                           
   247                           	line	15
   248                           	
   249  07EC                     l1727:	
   250                           ;blink.c: 15: PORTA=0X00;
   251  07EC  1283               	bcf	status, 5	;RP0=0, select bank0
   252  07ED  1303               	bcf	status, 6	;RP1=0, select bank0
   253  07EE  0185               	clrf	(5)	;volatile
   254                           	line	16
   255                           ;blink.c: 16: _delay((unsigned long)((100)*(20000000/4000.0)));
   256                           	opt asmopt_off
   257  07EF  3003               movlw  3
   258  07F0  00F2               movwf	((??_main+0)+0+2),f
   259  07F1  3088               movlw	136
   260  07F2  00F1               movwf	((??_main+0)+0+1),f
   261  07F3  3056               	movlw	86
   262  07F4  00F0               movwf	((??_main+0)+0),f
   263  07F5                     u2157:
   264  07F5  0BF0               	decfsz	((??_main+0)+0),f
   265  07F6  2FF5               	goto	u2157
   266  07F7  0BF1               	decfsz	((??_main+0)+0+1),f
   267  07F8  2FF5               	goto	u2157
   268  07F9  0BF2               	decfsz	((??_main+0)+0+2),f
   269  07FA  2FF5               	goto	u2157
   270                           opt asmopt_on
   271                           
   272  07FB  2FDC               	goto	l1723
   273                           	line	18
   274                           	
   275  07FC                     l562:	
   276                           	line	11
   277  07FC  2FDC               	goto	l1723
   278                           	
   279  07FD                     l563:	
   280                           	line	19
   281                           	
   282  07FD                     l564:	
   283                           	global	start
   284  07FD  120A  118A  2800   	ljmp	start
   285                           	opt stack 0
   286                           GLOBAL	__end_of_main
   287  0800                     	__end_of_main:
   288 ;; =============== function _main ends ============
   289                           
   290                           	signat	_main,88
   291                           psect	maintext
   292                           	global	btemp
   293  007E                     	btemp set 07Eh
   294                           
   295                           	DABS	1,126,2	;btemp
   296                           	global	wtemp0
   297  007E                     	wtemp0 set btemp


HI-TECH Software PICC Macro Assembler V9.80 build 6738 
Symbol Table                                                                                   Fri Oct 19 17:51:34 2018

                 l561 07DC                   l562 07FC                   l563 07FD                   l564 07FD  
                l1721 07D9                  l1723 07DC                  l1725 07E0                  l1727 07EC  
                l1719 07D6                  u2147 07E6                  u2157 07F5                  _main 07D6  
                btemp 007E                  start 0000                 ?_main 0070                 _PORTA 0005  
               _TRISA 0085                 status 0003                 wtemp0 007E          __end_of_main 0800  
              ??_main 0070                _ADCON1 009F        __pcstackCOMMON 0070            __pmaintext 07D6  
end_of_initialization 07D2   start_initialization 07D2         __size_of_main 002A  
